<?xml version="1.0" encoding="UTF-8"?>
<!-- Generated by org.testng.reporters.JUnitXMLReporter -->
<testsuite ignored="0" hostname="LAPTOP-IE6NG7EL" failures="1" tests="1" name="Book Train Ticket" time="0.391" errors="0" timestamp="2025-07-21T11:46:45 IST">
  <testcase classname="com.mmt.tests.TrainBookingTest" name="bookTrainTicketTest" time="0.176">
    <failure type="java.lang.NullPointerException" message="Cannot invoke &amp;quot;org.openqa.selenium.SearchContext.findElement(org.openqa.selenium.By)&amp;quot; because &amp;quot;this.searchContext&amp;quot; is null">
      <![CDATA[java.lang.NullPointerException: Cannot invoke "org.openqa.selenium.SearchContext.findElement(org.openqa.selenium.By)" because "this.searchContext" is null
at org.openqa.selenium.support.pagefactory.DefaultElementLocator.findElement(DefaultElementLocator.java:68)
at org.openqa.selenium.support.pagefactory.internal.LocatingElementHandler.invoke(LocatingElementHandler.java:38)
at jdk.proxy2/jdk.proxy2.$Proxy10.click(Unknown Source)
at com.mmt.automation.pages.HomePage.navigateToTrains(HomePage.java:33)
at com.mmt.tests.TrainBookingTest.bookTrainTicketTest(TrainBookingTest.java:12)
at java.base/java.util.ArrayList.forEach(ArrayList.java:1596)
... Removed 29 stack frames]]>
    </failure>
  </testcase> <!-- bookTrainTicketTest -->
</testsuite> <!-- Book Train Ticket -->
